<?xml version="1.0" encoding="UTF-8"?>
<!-- Generated by org.testng.reporters.JUnitXMLReporter -->
<testsuite ignored="0" hostname="DESKTOP-MC7TA2J" failures="0" tests="3" name="Test1" time="12.076" errors="0" timestamp="29 Aug 2022 20:44:16 GMT">
  <testcase classname="com.neurotrack.automation.API.Test.APIValidation" name="getUserDetails" time="2.245"/>
  <testcase classname="com.neurotrack.automation.API.Test.APIValidation" name="verifyFirstNameNotNull" time="1.488"/>
  <testcase classname="com.neurotrack.automation.API.Test.APIValidation" name="verifyStatusCode" time="0.514"/>
</testsuite> <!-- Test1 -->
