<?xml version="1.0" encoding="UTF-8"?>
<testsuite xmlns:xsi="http://www.w3.org/2001/XMLSchema-instance" xsi:noNamespaceSchemaLocation="https://maven.apache.org/surefire/maven-surefire-plugin/xsd/surefire-test-report-3.0.xsd" version="3.0" name="TestSuite" time="14.424" tests="3" errors="0" skipped="0" failures="0">
  <properties>
[...]
</properties>
  <testcase name="getUserDetails" classname="com.neurotrack.automation.API.Test.APIValidation" time="2.26"/>
  <testcase name="verifyFirstNameNotNull" classname="com.neurotrack.automation.API.Test.APIValidation" time="1.473"/>
  <testcase name="verifyStatusCode" classname="com.neurotrack.automation.API.Test.APIValidation" time="0.514"/>
</testsuite>