<?xml version="1.0" encoding="UTF-8"?>
<testng-results ignored="0" total="3" passed="3" failed="0" skipped="0">
  <reporter-output>
  </reporter-output>
  <suite started-at="2022-08-29T20:44:04Z" name="Tests" finished-at="2022-08-29T20:44:16Z" duration-ms="12076">
    <groups>
    </groups>
    <test started-at="2022-08-29T20:44:04Z" name="Test1" finished-at="2022-08-29T20:44:16Z" duration-ms="12076">
      <class name="com.neurotrack.automation.API.Test.APIValidation">
        <test-method is-config="true" signature="beforeSuite()[pri:0, instance:com.neurotrack.automation.API.Test.APIValidation@305b7c14]" started-at="2022-08-29T20:44:04Z" name="beforeSuite" finished-at="2022-08-29T20:44:04Z" duration-ms="216" status="PASS">
          <reporter-output>
          </reporter-output>
        </test-method> <!-- beforeSuite -->
        <test-method is-config="true" signature="beforeTest()[pri:0, instance:com.neurotrack.automation.API.Test.APIValidation@305b7c14]" started-at="2022-08-29T20:44:04Z" name="beforeTest" finished-at="2022-08-29T20:44:12Z" duration-ms="7805" status="PASS">
          <reporter-output>
          </reporter-output>
        </test-method> <!-- beforeTest -->
        <test-method is-config="true" signature="beforeMethod(java.lang.reflect.Method)[pri:0, instance:com.neurotrack.automation.API.Test.APIValidation@305b7c14]" started-at="2022-08-29T20:44:12Z" name="beforeMethod" finished-at="2022-08-29T20:44:12Z" duration-ms="16" status="PASS">
          <params>
            <param index="0">
              <value>
                <![CDATA[public void com.neurotrack.automation.API.Test.APIValidation.getUserDetails() throws java.io.IOException,java.lang.InterruptedException]]>
              </value>
            </param>
          </params>
          <reporter-output>
          </reporter-output>
        </test-method> <!-- beforeMethod -->
        <test-method signature="getUserDetails()[pri:0, instance:com.neurotrack.automation.API.Test.APIValidation@305b7c14]" started-at="2022-08-29T20:44:12Z" name="getUserDetails" finished-at="2022-08-29T20:44:14Z" duration-ms="2245" status="PASS">
          <reporter-output>
          </reporter-output>
        </test-method> <!-- getUserDetails -->
        <test-method signature="verifyFirstNameNotNull()[pri:0, instance:com.neurotrack.automation.API.Test.APIValidation@305b7c14]" started-at="2022-08-29T20:44:14Z" name="verifyFirstNameNotNull" finished-at="2022-08-29T20:44:15Z" duration-ms="1488" status="PASS">
          <reporter-output>
          </reporter-output>
        </test-method> <!-- verifyFirstNameNotNull -->
        <test-method is-config="true" signature="beforeMethod(java.lang.reflect.Method)[pri:0, instance:com.neurotrack.automation.API.Test.APIValidation@305b7c14]" started-at="2022-08-29T20:44:14Z" name="beforeMethod" finished-at="2022-08-29T20:44:14Z" duration-ms="0" status="PASS">
          <params>
            <param index="0">
              <value>
                <![CDATA[public void com.neurotrack.automation.API.Test.APIValidation.verifyFirstNameNotNull() throws java.io.IOException,java.lang.InterruptedException]]>
              </value>
            </param>
          </params>
          <reporter-output>
          </reporter-output>
        </test-method> <!-- beforeMethod -->
        <test-method is-config="true" signature="afterMethod(org.testng.ITestResult)[pri:0, instance:com.neurotrack.automation.API.Test.APIValidation@305b7c14]" started-at="2022-08-29T20:44:14Z" name="afterMethod" finished-at="2022-08-29T20:44:14Z" duration-ms="0" status="PASS">
          <params>
            <param index="0">
              <value>
                <![CDATA[[TestResult name=getUserDetails status=SUCCESS method=APIValidation.getUserDetails()[pri:0, instance:com.neurotrack.automation.API.Test.APIValidation@305b7c14] output={null}]]]>
              </value>
            </param>
          </params>
          <reporter-output>
          </reporter-output>
        </test-method> <!-- afterMethod -->
        <test-method is-config="true" signature="afterMethod(org.testng.ITestResult)[pri:0, instance:com.neurotrack.automation.API.Test.APIValidation@305b7c14]" started-at="2022-08-29T20:44:15Z" name="afterMethod" finished-at="2022-08-29T20:44:15Z" duration-ms="0" status="PASS">
          <params>
            <param index="0">
              <value>
                <![CDATA[[TestResult name=verifyFirstNameNotNull status=SUCCESS method=APIValidation.verifyFirstNameNotNull()[pri:0, instance:com.neurotrack.automation.API.Test.APIValidation@305b7c14] output={null}]]]>
              </value>
            </param>
          </params>
          <reporter-output>
          </reporter-output>
        </test-method> <!-- afterMethod -->
        <test-method signature="verifyStatusCode()[pri:0, instance:com.neurotrack.automation.API.Test.APIValidation@305b7c14]" started-at="2022-08-29T20:44:15Z" name="verifyStatusCode" finished-at="2022-08-29T20:44:16Z" duration-ms="514" status="PASS">
          <reporter-output>
          </reporter-output>
        </test-method> <!-- verifyStatusCode -->
        <test-method is-config="true" signature="beforeMethod(java.lang.reflect.Method)[pri:0, instance:com.neurotrack.automation.API.Test.APIValidation@305b7c14]" started-at="2022-08-29T20:44:15Z" name="beforeMethod" finished-at="2022-08-29T20:44:15Z" duration-ms="0" status="PASS">
          <params>
            <param index="0">
              <value>
                <![CDATA[public void com.neurotrack.automation.API.Test.APIValidation.verifyStatusCode() throws java.io.IOException,java.lang.InterruptedException]]>
              </value>
            </param>
          </params>
          <reporter-output>
          </reporter-output>
        </test-method> <!-- beforeMethod -->
        <test-method is-config="true" signature="afterTest()[pri:0, instance:com.neurotrack.automation.API.Test.APIValidation@305b7c14]" started-at="2022-08-29T20:44:16Z" name="afterTest" finished-at="2022-08-29T20:44:16Z" duration-ms="0" status="PASS">
          <reporter-output>
          </reporter-output>
        </test-method> <!-- afterTest -->
        <test-method is-config="true" signature="afterMethod(org.testng.ITestResult)[pri:0, instance:com.neurotrack.automation.API.Test.APIValidation@305b7c14]" started-at="2022-08-29T20:44:16Z" name="afterMethod" finished-at="2022-08-29T20:44:16Z" duration-ms="0" status="PASS">
          <params>
            <param index="0">
              <value>
                <![CDATA[[TestResult name=verifyStatusCode status=SUCCESS method=APIValidation.verifyStatusCode()[pri:0, instance:com.neurotrack.automation.API.Test.APIValidation@305b7c14] output={null}]]]>
              </value>
            </param>
          </params>
          <reporter-output>
          </reporter-output>
        </test-method> <!-- afterMethod -->
        <test-method is-config="true" signature="afterSuite()[pri:0, instance:com.neurotrack.automation.API.Test.APIValidation@305b7c14]" started-at="2022-08-29T20:44:16Z" name="afterSuite" finished-at="2022-08-29T20:44:18Z" duration-ms="1677" status="PASS">
          <reporter-output>
          </reporter-output>
        </test-method> <!-- afterSuite -->
      </class> <!-- com.neurotrack.automation.API.Test.APIValidation -->
    </test> <!-- Test1 -->
  </suite> <!-- Tests -->
</testng-results>
